06-13-23 20:08:26:844|2|statement|# create database clients CREATE DATABASE IF NOT EXISTS `mvc_project_db` DEFAULT CHARACTER SET utf8mb4
06-13-23 20:08:26:846|1|statement|USE `mvc_project_db`
06-13-23 20:08:26:859|12|statement|create table if not exists client ( id bigint auto_increment primary key, login varchar(45) not null, password varchar(100) not null, name varchar(45) not null, surname varchar(45) null, email varchar(50) not null, permission varchar(25) not null, updated_date timestamp default CURRENT_TIMESTAMP not null, registered_date timestamp default CURRENT_TIMESTAMP not null, constraint client_pk unique (login), constraint client_pk2 unique (email) )
06-13-23 20:08:26:864|1|statement|# insert data clients INSERT INTO mvc_project_db.client (login, password, name, surname, email, permission, updated_date, registered_date) VALUES ('megan88', 'p@ssw0rd!', 'Megan', 'Davis', 'megan.davis@example.com', 'BUYER', DEFAULT, DEFAULT), ('alexander', 'securepass123', 'Alexander', 'Wilson', 'alexander.wilson@example.com', 'BUYER', DEFAULT, DEFAULT), ('sarah21', 'password321', 'Sarah', 'Johnson', 'sarah.johnson@example.com', 'BUYER', DEFAULT, DEFAULT), ('robert34', 'pass123word', 'Robert', 'Smith', 'robert.smith@example.com', 'BUYER', DEFAULT, DEFAULT), ('karen77', 'mysecretword', 'Karen', 'Brown', 'karen.brown@example.com', 'BUYER', DEFAULT, DEFAULT), ('peter93', 'letmein123', 'Peter', 'Jones', 'peter.jones@example.com', 'BUYER', DEFAULT, DEFAULT), ('laura55', 'laurapass', 'Laura', 'Miller', 'laura.miller@example.com', 'BUYER', DEFAULT, DEFAULT), ('matthew82', 'password456', 'Matthew', 'Taylor', 'matthew.taylor@example.com', 'BUYER', DEFAULT, DEFAULT), ('olivia27', 'oliviapass', 'Olivia', 'Anderson', 'olivia.anderson@example.com', 'BUYER', DEFAULT, DEFAULT), ('william44', 'willpass123', 'William', 'Moore', 'william.moore@example.com', 'BUYER', DEFAULT, DEFAULT), ('jessica12', 'jesspass', 'Jessica', 'Wilson', 'jessica.wilson@example.com', 'BUYER', DEFAULT, DEFAULT), ('ryan19', 'ryanpassword', 'Ryan', 'Brown', 'ryan.brown@example.com', 'BUYER', DEFAULT, DEFAULT), ('emily89', 'password987', 'Emily', 'Johnson', 'emily.johnson@example.com', 'BUYER', DEFAULT, DEFAULT), ('daniel78', 'danielpass', 'Daniel', 'Miller', 'daniel.miller@example.com', 'BUYER', DEFAULT, DEFAULT), ('lily23', 'lilypass123', 'Lily', 'Clark', 'lily.clark@example.com', 'BUYER', DEFAULT, DEFAULT), ('jackson7', 'passjackson', 'Jackson', 'Taylor', 'jackson.taylor@example.com', 'BUYER', DEFAULT, DEFAULT), ('emma94', 'emmaword', 'Emma', 'Harris', 'emma.harris@example.com', 'BUYER', DEFAULT, DEFAULT), ('ethan61', 'ethanpass', 'Ethan', 'Wilson', 'ethan.wilson@example.com', 'BUYER', DEFAULT, DEFAULT), ('mia36', 'miapassword', 'Mia', 'Anderson', 'mia.anderson@example.com', 'BUYER', DEFAULT, DEFAULT), ('jacob51', 'jacobpass123', 'Jacob', 'Jones', 'jacob.jones@example.com', 'BUYER', DEFAULT, DEFAULT), ('sophia47', 'sophiapass', 'Sophia', 'Davis', 'sophia.davis@example.com', 'BUYER', DEFAULT, DEFAULT)
06-13-23 20:08:34:665|4|statement|select c1_0.id,c1_0.registered_date,c1_0.updated_date,c1_0.email,c1_0.login,c1_0.name,c1_0.password,c1_0.permission,c1_0.surname from client c1_0 limit 0,5
06-13-23 20:08:34:686|14|statement|select count(c1_0.id) from client c1_0
06-13-23 20:08:34:688|0|commit|
06-13-23 20:09:25:630|9|statement|insert into client (registered_date,updated_date,email,login,name,password,permission,surname) values ('2023-06-13T20:09:25.611+0300','2023-06-13T20:09:25.611+0300','example@email.com','Amitamaru','Dima','Dimka17021990','SELLER','Marzhiievskyi')
06-13-23 20:09:25:649|8|commit|
06-13-23 20:09:25:688|4|statement|select c1_0.id,c1_0.registered_date,c1_0.updated_date,c1_0.email,c1_0.login,c1_0.name,c1_0.password,c1_0.permission,c1_0.surname from client c1_0 limit 0,5
06-13-23 20:09:25:697|6|statement|select count(c1_0.id) from client c1_0
06-13-23 20:09:25:699|1|commit|
06-13-23 20:09:27:903|2|statement|select c1_0.id,c1_0.registered_date,c1_0.updated_date,c1_0.email,c1_0.login,c1_0.name,c1_0.password,c1_0.permission,c1_0.surname from client c1_0 limit 20,5
06-13-23 20:09:27:906|1|commit|
06-13-23 20:12:24:220|4|statement|select c1_0.id,c1_0.registered_date,c1_0.updated_date,c1_0.email,c1_0.login,c1_0.name,c1_0.password,c1_0.permission,c1_0.surname from client c1_0 limit 15,5
06-13-23 20:12:24:242|10|statement|select count(c1_0.id) from client c1_0
06-13-23 20:12:24:247|4|commit|
06-13-23 20:12:25:925|6|statement|select c1_0.id,c1_0.registered_date,c1_0.updated_date,c1_0.email,c1_0.login,c1_0.name,c1_0.password,c1_0.permission,c1_0.surname from client c1_0 limit 10,5
06-13-23 20:12:25:942|9|statement|select count(c1_0.id) from client c1_0
06-13-23 20:12:25:948|2|commit|
06-13-23 20:12:27:147|5|statement|select c1_0.id,c1_0.registered_date,c1_0.updated_date,c1_0.email,c1_0.login,c1_0.name,c1_0.password,c1_0.permission,c1_0.surname from client c1_0 limit 5,5
06-13-23 20:12:27:163|9|statement|select count(c1_0.id) from client c1_0
06-13-23 20:12:27:172|7|commit|
06-13-23 20:12:28:217|9|statement|select c1_0.id,c1_0.registered_date,c1_0.updated_date,c1_0.email,c1_0.login,c1_0.name,c1_0.password,c1_0.permission,c1_0.surname from client c1_0 limit 0,5
06-13-23 20:12:28:233|7|statement|select count(c1_0.id) from client c1_0
06-13-23 20:12:28:238|3|commit|
06-13-23 20:24:45:74|1|statement|# create database clients CREATE DATABASE IF NOT EXISTS `mvc_project_db` DEFAULT CHARACTER SET utf8mb4
06-13-23 20:24:45:75|0|statement|USE `mvc_project_db`
06-13-23 20:24:45:85|9|statement|create table if not exists client ( id bigint auto_increment primary key, login varchar(45) not null, password varchar(100) not null, name varchar(45) not null, surname varchar(45) null, email varchar(50) not null, permission varchar(25) not null, updated_date timestamp default CURRENT_TIMESTAMP not null, registered_date timestamp default CURRENT_TIMESTAMP not null, constraint client_pk unique (login), constraint client_pk2 unique (email) )
06-13-23 20:24:45:90|0|statement|# insert data clients INSERT INTO mvc_project_db.client (login, password, name, surname, email, permission, updated_date, registered_date) VALUES ('megan88', 'p@ssw0rd!', 'Megan', 'Davis', 'megan.davis@example.com', 'BUYER', DEFAULT, DEFAULT), ('alexander', 'securepass123', 'Alexander', 'Wilson', 'alexander.wilson@example.com', 'BUYER', DEFAULT, DEFAULT), ('sarah21', 'password321', 'Sarah', 'Johnson', 'sarah.johnson@example.com', 'BUYER', DEFAULT, DEFAULT), ('robert34', 'pass123word', 'Robert', 'Smith', 'robert.smith@example.com', 'BUYER', DEFAULT, DEFAULT), ('karen77', 'mysecretword', 'Karen', 'Brown', 'karen.brown@example.com', 'BUYER', DEFAULT, DEFAULT), ('peter93', 'letmein123', 'Peter', 'Jones', 'peter.jones@example.com', 'BUYER', DEFAULT, DEFAULT), ('laura55', 'laurapass', 'Laura', 'Miller', 'laura.miller@example.com', 'BUYER', DEFAULT, DEFAULT), ('matthew82', 'password456', 'Matthew', 'Taylor', 'matthew.taylor@example.com', 'BUYER', DEFAULT, DEFAULT), ('olivia27', 'oliviapass', 'Olivia', 'Anderson', 'olivia.anderson@example.com', 'BUYER', DEFAULT, DEFAULT), ('william44', 'willpass123', 'William', 'Moore', 'william.moore@example.com', 'BUYER', DEFAULT, DEFAULT), ('jessica12', 'jesspass', 'Jessica', 'Wilson', 'jessica.wilson@example.com', 'BUYER', DEFAULT, DEFAULT), ('ryan19', 'ryanpassword', 'Ryan', 'Brown', 'ryan.brown@example.com', 'BUYER', DEFAULT, DEFAULT), ('emily89', 'password987', 'Emily', 'Johnson', 'emily.johnson@example.com', 'BUYER', DEFAULT, DEFAULT), ('daniel78', 'danielpass', 'Daniel', 'Miller', 'daniel.miller@example.com', 'BUYER', DEFAULT, DEFAULT), ('lily23', 'lilypass123', 'Lily', 'Clark', 'lily.clark@example.com', 'BUYER', DEFAULT, DEFAULT), ('jackson7', 'passjackson', 'Jackson', 'Taylor', 'jackson.taylor@example.com', 'BUYER', DEFAULT, DEFAULT), ('emma94', 'emmaword', 'Emma', 'Harris', 'emma.harris@example.com', 'BUYER', DEFAULT, DEFAULT), ('ethan61', 'ethanpass', 'Ethan', 'Wilson', 'ethan.wilson@example.com', 'BUYER', DEFAULT, DEFAULT), ('mia36', 'miapassword', 'Mia', 'Anderson', 'mia.anderson@example.com', 'BUYER', DEFAULT, DEFAULT), ('jacob51', 'jacobpass123', 'Jacob', 'Jones', 'jacob.jones@example.com', 'BUYER', DEFAULT, DEFAULT), ('sophia47', 'sophiapass', 'Sophia', 'Davis', 'sophia.davis@example.com', 'BUYER', DEFAULT, DEFAULT)
06-13-23 20:24:51:247|6|statement|select c1_0.id,c1_0.registered_date,c1_0.updated_date,c1_0.email,c1_0.login,c1_0.name,c1_0.password,c1_0.permission,c1_0.surname from client c1_0 limit 0,5
06-13-23 20:24:51:258|3|statement|select count(c1_0.id) from client c1_0
06-13-23 20:24:51:261|2|commit|
